0 info it worked if it ends with ok
1 verbose cli [ '/home/vasek/.nvm/versions/node/v5.0.0/bin/node',
1 verbose cli   '/home/vasek/.nvm/versions/node/v5.0.0/bin/npm',
1 verbose cli   'install' ]
2 info using npm@3.3.6
3 info using node@v5.0.0
4 silly loadCurrentTree Starting
5 silly install loadCurrentTree
6 silly install readLocalPackageData
7 silly install normalizeTree
8 silly loadCurrentTree Finishing
9 silly loadIdealTree Starting
10 silly install loadIdealTree
11 silly cloneCurrentTree Starting
12 silly install cloneCurrentTreeToIdealTree
13 silly cloneCurrentTree Finishing
14 silly loadShrinkwrap Starting
15 silly install loadShrinkwrap
16 silly loadShrinkwrap Finishing
17 silly loadAllDepsIntoIdealTree Starting
18 silly install loadAllDepsIntoIdealTree
19 silly fetchNamedPackageData grunt
20 silly mapToRegistry name grunt
21 silly mapToRegistry using default registry
22 silly mapToRegistry registry https://registry.npmjs.org/
23 silly mapToRegistry uri https://registry.npmjs.org/grunt
24 silly fetchNamedPackageData grunt-cli
25 silly mapToRegistry name grunt-cli
26 silly mapToRegistry using default registry
27 silly mapToRegistry registry https://registry.npmjs.org/
28 silly mapToRegistry uri https://registry.npmjs.org/grunt-cli
29 silly fetchNamedPackageData grunt-contrib-cssmin
30 silly mapToRegistry name grunt-contrib-cssmin
31 silly mapToRegistry using default registry
32 silly mapToRegistry registry https://registry.npmjs.org/
33 silly mapToRegistry uri https://registry.npmjs.org/grunt-contrib-cssmin
34 silly fetchNamedPackageData grunt-contrib-uglify
35 silly mapToRegistry name grunt-contrib-uglify
36 silly mapToRegistry using default registry
37 silly mapToRegistry registry https://registry.npmjs.org/
38 silly mapToRegistry uri https://registry.npmjs.org/grunt-contrib-uglify
39 silly fetchNamedPackageData grunt-contrib-concat
40 silly mapToRegistry name grunt-contrib-concat
41 silly mapToRegistry using default registry
42 silly mapToRegistry registry https://registry.npmjs.org/
43 silly mapToRegistry uri https://registry.npmjs.org/grunt-contrib-concat
44 silly fetchNamedPackageData grunt-contrib-jshint
45 silly mapToRegistry name grunt-contrib-jshint
46 silly mapToRegistry using default registry
47 silly mapToRegistry registry https://registry.npmjs.org/
48 silly mapToRegistry uri https://registry.npmjs.org/grunt-contrib-jshint
49 silly fetchNamedPackageData grunt-contrib-watch
50 silly mapToRegistry name grunt-contrib-watch
51 silly mapToRegistry using default registry
52 silly mapToRegistry registry https://registry.npmjs.org/
53 silly mapToRegistry uri https://registry.npmjs.org/grunt-contrib-watch
54 verbose request uri https://registry.npmjs.org/grunt-contrib-cssmin
55 verbose request no auth needed
56 info attempt registry request try #1 at 16:31:02
57 verbose request id 83933b88a8b5d15e
58 http request GET https://registry.npmjs.org/grunt-contrib-cssmin
59 verbose request uri https://registry.npmjs.org/grunt-contrib-uglify
60 verbose request no auth needed
61 info attempt registry request try #1 at 16:31:02
62 http request GET https://registry.npmjs.org/grunt-contrib-uglify
63 verbose request uri https://registry.npmjs.org/grunt-contrib-concat
64 verbose request no auth needed
65 info attempt registry request try #1 at 16:31:02
66 http request GET https://registry.npmjs.org/grunt-contrib-concat
67 verbose request uri https://registry.npmjs.org/grunt-contrib-jshint
68 verbose request no auth needed
69 info attempt registry request try #1 at 16:31:02
70 http request GET https://registry.npmjs.org/grunt-contrib-jshint
71 verbose request uri https://registry.npmjs.org/grunt-contrib-watch
72 verbose request no auth needed
73 info attempt registry request try #1 at 16:31:02
74 http request GET https://registry.npmjs.org/grunt-contrib-watch
75 verbose request uri https://registry.npmjs.org/grunt
76 verbose request no auth needed
77 info attempt registry request try #1 at 16:31:02
78 verbose etag "5aa39b8a-1977d"
79 verbose lastModified Sat, 10 Mar 2018 8:47:06 GMT
80 http request GET https://registry.npmjs.org/grunt
81 verbose request uri https://registry.npmjs.org/grunt-cli
82 verbose request no auth needed
83 info attempt registry request try #1 at 16:31:02
84 verbose etag "5a947344-8211"
85 verbose lastModified Mon, 26 Feb 2018 20:51:16 GMT
86 http request GET https://registry.npmjs.org/grunt-cli
87 http 304 https://registry.npmjs.org/grunt
88 verbose headers { date: 'Fri, 27 Apr 2018 13:34:06 GMT',
88 verbose headers   via: '1.1 varnish',
88 verbose headers   'cache-control': 'max-age=300',
88 verbose headers   etag: '"5aa39b8a-1977d"',
88 verbose headers   age: '1499',
88 verbose headers   connection: 'keep-alive',
88 verbose headers   'x-served-by': 'cache-hhn1525-HHN',
88 verbose headers   'x-cache': 'HIT',
88 verbose headers   'x-cache-hits': '10',
88 verbose headers   'x-timer': 'S1524836046.329739,VS0,VE0',
88 verbose headers   vary: 'Accept-Encoding, Accept' }
89 silly get cb [ 304,
89 silly get   { date: 'Fri, 27 Apr 2018 13:34:06 GMT',
89 silly get     via: '1.1 varnish',
89 silly get     'cache-control': 'max-age=300',
89 silly get     etag: '"5aa39b8a-1977d"',
89 silly get     age: '1499',
89 silly get     connection: 'keep-alive',
89 silly get     'x-served-by': 'cache-hhn1525-HHN',
89 silly get     'x-cache': 'HIT',
89 silly get     'x-cache-hits': '10',
89 silly get     'x-timer': 'S1524836046.329739,VS0,VE0',
89 silly get     vary: 'Accept-Encoding, Accept' } ]
90 verbose etag https://registry.npmjs.org/grunt from cache
91 verbose get saving grunt to /home/vasek/.npm/registry.npmjs.org/grunt/.cache.json
92 http 304 https://registry.npmjs.org/grunt-cli
93 verbose headers { date: 'Fri, 27 Apr 2018 13:34:06 GMT',
93 verbose headers   via: '1.1 varnish',
93 verbose headers   'cache-control': 'max-age=300',
93 verbose headers   etag: '"5a947344-8211"',
93 verbose headers   age: '11039',
93 verbose headers   connection: 'keep-alive',
93 verbose headers   'x-served-by': 'cache-hhn1527-HHN',
93 verbose headers   'x-cache': 'HIT',
93 verbose headers   'x-cache-hits': '64',
93 verbose headers   'x-timer': 'S1524836046.332412,VS0,VE0',
93 verbose headers   vary: 'Accept-Encoding, Accept' }
94 silly get cb [ 304,
94 silly get   { date: 'Fri, 27 Apr 2018 13:34:06 GMT',
94 silly get     via: '1.1 varnish',
94 silly get     'cache-control': 'max-age=300',
94 silly get     etag: '"5a947344-8211"',
94 silly get     age: '11039',
94 silly get     connection: 'keep-alive',
94 silly get     'x-served-by': 'cache-hhn1527-HHN',
94 silly get     'x-cache': 'HIT',
94 silly get     'x-cache-hits': '64',
94 silly get     'x-timer': 'S1524836046.332412,VS0,VE0',
94 silly get     vary: 'Accept-Encoding, Accept' } ]
95 verbose etag https://registry.npmjs.org/grunt-cli from cache
96 verbose get saving grunt-cli to /home/vasek/.npm/registry.npmjs.org/grunt-cli/.cache.json
97 http 200 https://registry.npmjs.org/grunt-contrib-concat
98 verbose headers { 'content-type': 'application/json; charset=UTF-8',
98 verbose headers   server: 'UploadServer',
98 verbose headers   'cache-control': 'max-age=300',
98 verbose headers   'last-modified': 'Sat, 6 Jan 2018 23:02:08 GMT',
98 verbose headers   etag: '"5a515570-8b61"',
98 verbose headers   'x-npm-region': 'EU-East',
98 verbose headers   'content-encoding': 'gzip',
98 verbose headers   'content-length': '6994',
98 verbose headers   'accept-ranges': 'bytes',
98 verbose headers   date: 'Fri, 27 Apr 2018 13:34:06 GMT',
98 verbose headers   via: '1.1 varnish',
98 verbose headers   age: '5467',
98 verbose headers   connection: 'keep-alive',
98 verbose headers   'x-served-by': 'cache-hhn1528-HHN',
98 verbose headers   'x-cache': 'HIT',
98 verbose headers   'x-cache-hits': '16',
98 verbose headers   'x-timer': 'S1524836046.320713,VS0,VE0',
98 verbose headers   vary: 'Accept-Encoding, Accept' }
99 silly get cb [ 200,
99 silly get   { 'content-type': 'application/json; charset=UTF-8',
99 silly get     server: 'UploadServer',
99 silly get     'cache-control': 'max-age=300',
99 silly get     'last-modified': 'Sat, 6 Jan 2018 23:02:08 GMT',
99 silly get     etag: '"5a515570-8b61"',
99 silly get     'x-npm-region': 'EU-East',
99 silly get     'content-encoding': 'gzip',
99 silly get     'content-length': '6994',
99 silly get     'accept-ranges': 'bytes',
99 silly get     date: 'Fri, 27 Apr 2018 13:34:06 GMT',
99 silly get     via: '1.1 varnish',
99 silly get     age: '5467',
99 silly get     connection: 'keep-alive',
99 silly get     'x-served-by': 'cache-hhn1528-HHN',
99 silly get     'x-cache': 'HIT',
99 silly get     'x-cache-hits': '16',
99 silly get     'x-timer': 'S1524836046.320713,VS0,VE0',
99 silly get     vary: 'Accept-Encoding, Accept' } ]
100 verbose get saving grunt-contrib-concat to /home/vasek/.npm/registry.npmjs.org/grunt-contrib-concat/.cache.json
101 http 200 https://registry.npmjs.org/grunt-contrib-cssmin
102 verbose headers { 'content-type': 'application/json; charset=UTF-8',
102 verbose headers   server: 'UploadServer',
102 verbose headers   'cache-control': 'max-age=300',
102 verbose headers   'last-modified': 'Mon, 25 Dec 2017 3:38:51 GMT',
102 verbose headers   etag: '"5a4072cb-df38"',
102 verbose headers   'x-npm-region': 'EU-East',
102 verbose headers   'content-encoding': 'gzip',
102 verbose headers   'content-length': '7156',
102 verbose headers   'accept-ranges': 'bytes',
102 verbose headers   date: 'Fri, 27 Apr 2018 13:34:06 GMT',
102 verbose headers   via: '1.1 varnish',
102 verbose headers   age: '11479',
102 verbose headers   connection: 'keep-alive',
102 verbose headers   'x-served-by': 'cache-hhn1527-HHN',
102 verbose headers   'x-cache': 'HIT',
102 verbose headers   'x-cache-hits': '31',
102 verbose headers   'x-timer': 'S1524836046.314877,VS0,VE0',
102 verbose headers   vary: 'Accept-Encoding, Accept' }
103 silly get cb [ 200,
103 silly get   { 'content-type': 'application/json; charset=UTF-8',
103 silly get     server: 'UploadServer',
103 silly get     'cache-control': 'max-age=300',
103 silly get     'last-modified': 'Mon, 25 Dec 2017 3:38:51 GMT',
103 silly get     etag: '"5a4072cb-df38"',
103 silly get     'x-npm-region': 'EU-East',
103 silly get     'content-encoding': 'gzip',
103 silly get     'content-length': '7156',
103 silly get     'accept-ranges': 'bytes',
103 silly get     date: 'Fri, 27 Apr 2018 13:34:06 GMT',
103 silly get     via: '1.1 varnish',
103 silly get     age: '11479',
103 silly get     connection: 'keep-alive',
103 silly get     'x-served-by': 'cache-hhn1527-HHN',
103 silly get     'x-cache': 'HIT',
103 silly get     'x-cache-hits': '31',
103 silly get     'x-timer': 'S1524836046.314877,VS0,VE0',
103 silly get     vary: 'Accept-Encoding, Accept' } ]
104 verbose get saving grunt-contrib-cssmin to /home/vasek/.npm/registry.npmjs.org/grunt-contrib-cssmin/.cache.json
105 http 200 https://registry.npmjs.org/grunt-contrib-jshint
106 verbose headers { 'content-type': 'application/json; charset=UTF-8',
106 verbose headers   server: 'UploadServer',
106 verbose headers   'cache-control': 'max-age=300',
106 verbose headers   'last-modified': 'Mon, 12 Feb 2018 17:02:12 GMT',
106 verbose headers   etag: '"5a81c894-10f8a"',
106 verbose headers   'x-npm-region': 'EU-East',
106 verbose headers   'content-encoding': 'gzip',
106 verbose headers   'content-length': '8810',
106 verbose headers   'accept-ranges': 'bytes',
106 verbose headers   date: 'Fri, 27 Apr 2018 13:34:06 GMT',
106 verbose headers   via: '1.1 varnish',
106 verbose headers   age: '11482',
106 verbose headers   connection: 'keep-alive',
106 verbose headers   'x-served-by': 'cache-hhn1550-HHN',
106 verbose headers   'x-cache': 'HIT',
106 verbose headers   'x-cache-hits': '23',
106 verbose headers   'x-timer': 'S1524836046.324550,VS0,VE0',
106 verbose headers   vary: 'Accept-Encoding, Accept' }
107 silly get cb [ 200,
107 silly get   { 'content-type': 'application/json; charset=UTF-8',
107 silly get     server: 'UploadServer',
107 silly get     'cache-control': 'max-age=300',
107 silly get     'last-modified': 'Mon, 12 Feb 2018 17:02:12 GMT',
107 silly get     etag: '"5a81c894-10f8a"',
107 silly get     'x-npm-region': 'EU-East',
107 silly get     'content-encoding': 'gzip',
107 silly get     'content-length': '8810',
107 silly get     'accept-ranges': 'bytes',
107 silly get     date: 'Fri, 27 Apr 2018 13:34:06 GMT',
107 silly get     via: '1.1 varnish',
107 silly get     age: '11482',
107 silly get     connection: 'keep-alive',
107 silly get     'x-served-by': 'cache-hhn1550-HHN',
107 silly get     'x-cache': 'HIT',
107 silly get     'x-cache-hits': '23',
107 silly get     'x-timer': 'S1524836046.324550,VS0,VE0',
107 silly get     vary: 'Accept-Encoding, Accept' } ]
108 verbose get saving grunt-contrib-jshint to /home/vasek/.npm/registry.npmjs.org/grunt-contrib-jshint/.cache.json
109 silly fetchPackageMetaData Error: No compatible version found: grunt-cli@1.2.1
109 silly fetchPackageMetaData Valid install targets:
109 silly fetchPackageMetaData ["1.2.0","1.1.0","1.0.1","1.0.0","1.0.0-rc1","0.1.13","0.1.12","0.1.11","0.1.10","0.1.9","0.1.8","0.1.7","0.1.6","0.1.5","0.1.4","0.1.3","0.1.2","0.1.1","0.1.0"]
109 silly fetchPackageMetaData
109 silly fetchPackageMetaData     at pickVersionFromRegistryDocument (/home/vasek/.nvm/versions/node/v5.0.0/lib/node_modules/npm/lib/fetch-package-metadata.js:146:16)
109 silly fetchPackageMetaData     at /home/vasek/.nvm/versions/node/v5.0.0/lib/node_modules/npm/node_modules/iferr/index.js:13:50
109 silly fetchPackageMetaData     at /home/vasek/.nvm/versions/node/v5.0.0/lib/node_modules/npm/lib/utils/pulse-till-done.js:19:8
109 silly fetchPackageMetaData     at saved (/home/vasek/.nvm/versions/node/v5.0.0/lib/node_modules/npm/lib/cache/caching-client.js:168:7)
109 silly fetchPackageMetaData     at /home/vasek/.nvm/versions/node/v5.0.0/lib/node_modules/npm/node_modules/graceful-fs/polyfills.js:210:7
109 silly fetchPackageMetaData     at FSReqWrap.oncomplete (fs.js:82:15)
109 silly fetchPackageMetaData  error for grunt-cli@1.2.1 [Error: No compatible version found: grunt-cli@1.2.1
109 silly fetchPackageMetaData Valid install targets:
109 silly fetchPackageMetaData ["1.2.0","1.1.0","1.0.1","1.0.0","1.0.0-rc1","0.1.13","0.1.12","0.1.11","0.1.10","0.1.9","0.1.8","0.1.7","0.1.6","0.1.5","0.1.4","0.1.3","0.1.2","0.1.1","0.1.0"]
109 silly fetchPackageMetaData ]
110 silly resolveWithNewModule grunt@1.0.2 checking installable status
111 silly cache add args [ 'grunt@>=0.4', null ]
112 verbose cache add spec grunt@>=0.4
113 silly cache add parsed spec Result {
113 silly cache add   raw: 'grunt@>=0.4',
113 silly cache add   scope: null,
113 silly cache add   name: 'grunt',
113 silly cache add   rawSpec: '>=0.4',
113 silly cache add   spec: '>=0.4.0',
113 silly cache add   type: 'range' }
114 silly addNamed grunt@>=0.4.0
115 verbose addNamed ">=0.4.0" is a valid semver range for grunt
116 silly addNameRange { name: 'grunt', range: '>=0.4.0', hasData: false }
117 silly mapToRegistry name grunt
118 silly mapToRegistry using default registry
119 silly mapToRegistry registry https://registry.npmjs.org/
120 silly mapToRegistry uri https://registry.npmjs.org/grunt
121 verbose addNameRange registry:https://registry.npmjs.org/grunt not in flight; fetching
122 silly resolveWithNewModule grunt-contrib-concat@1.0.1 checking installable status
123 silly cache add args [ 'grunt-contrib-concat@>=0.1.3', null ]
124 verbose cache add spec grunt-contrib-concat@>=0.1.3
125 silly cache add parsed spec Result {
125 silly cache add   raw: 'grunt-contrib-concat@>=0.1.3',
125 silly cache add   scope: null,
125 silly cache add   name: 'grunt-contrib-concat',
125 silly cache add   rawSpec: '>=0.1.3',
125 silly cache add   spec: '>=0.1.3',
125 silly cache add   type: 'range' }
126 silly addNamed grunt-contrib-concat@>=0.1.3
127 verbose addNamed ">=0.1.3" is a valid semver range for grunt-contrib-concat
128 silly addNameRange { name: 'grunt-contrib-concat',
128 silly addNameRange   range: '>=0.1.3',
128 silly addNameRange   hasData: false }
129 silly mapToRegistry name grunt-contrib-concat
130 silly mapToRegistry using default registry
131 silly mapToRegistry registry https://registry.npmjs.org/
132 silly mapToRegistry uri https://registry.npmjs.org/grunt-contrib-concat
133 verbose addNameRange registry:https://registry.npmjs.org/grunt-contrib-concat not in flight; fetching
134 silly resolveWithNewModule grunt-contrib-cssmin@2.2.1 checking installable status
135 silly cache add args [ 'grunt-contrib-cssmin@>=0.5.0', null ]
136 verbose cache add spec grunt-contrib-cssmin@>=0.5.0
137 silly cache add parsed spec Result {
137 silly cache add   raw: 'grunt-contrib-cssmin@>=0.5.0',
137 silly cache add   scope: null,
137 silly cache add   name: 'grunt-contrib-cssmin',
137 silly cache add   rawSpec: '>=0.5.0',
137 silly cache add   spec: '>=0.5.0',
137 silly cache add   type: 'range' }
138 silly addNamed grunt-contrib-cssmin@>=0.5.0
139 verbose addNamed ">=0.5.0" is a valid semver range for grunt-contrib-cssmin
140 silly addNameRange { name: 'grunt-contrib-cssmin',
140 silly addNameRange   range: '>=0.5.0',
140 silly addNameRange   hasData: false }
141 silly mapToRegistry name grunt-contrib-cssmin
142 silly mapToRegistry using default registry
143 silly mapToRegistry registry https://registry.npmjs.org/
144 silly mapToRegistry uri https://registry.npmjs.org/grunt-contrib-cssmin
145 verbose addNameRange registry:https://registry.npmjs.org/grunt-contrib-cssmin not in flight; fetching
146 verbose get https://registry.npmjs.org/grunt not expired, no request
147 silly addNameRange number 2 { name: 'grunt', range: '>=0.4.0', hasData: true }
148 silly addNameRange versions [ 'grunt',
148 silly addNameRange   [ '0.1.0',
148 silly addNameRange     '0.1.1',
148 silly addNameRange     '0.1.2',
148 silly addNameRange     '0.2.0',
148 silly addNameRange     '0.2.1',
148 silly addNameRange     '0.2.2',
148 silly addNameRange     '0.2.3',
148 silly addNameRange     '0.2.4',
148 silly addNameRange     '0.2.5',
148 silly addNameRange     '0.2.6',
148 silly addNameRange     '0.2.7',
148 silly addNameRange     '0.2.8',
148 silly addNameRange     '0.2.9',
148 silly addNameRange     '0.2.10',
148 silly addNameRange     '0.2.11',
148 silly addNameRange     '0.2.12',
148 silly addNameRange     '0.2.13',
148 silly addNameRange     '0.2.14',
148 silly addNameRange     '0.2.15',
148 silly addNameRange     '0.3.0',
148 silly addNameRange     '0.3.1',
148 silly addNameRange     '0.3.2',
148 silly addNameRange     '0.3.3',
148 silly addNameRange     '0.3.4',
148 silly addNameRange     '0.3.5',
148 silly addNameRange     '0.3.6',
148 silly addNameRange     '0.3.7',
148 silly addNameRange     '0.3.8',
148 silly addNameRange     '0.3.9',
148 silly addNameRange     '0.3.10',
148 silly addNameRange     '0.3.11',
148 silly addNameRange     '0.3.12',
148 silly addNameRange     '0.3.13',
148 silly addNameRange     '0.3.14',
148 silly addNameRange     '0.3.15',
148 silly addNameRange     '0.3.16',
148 silly addNameRange     '0.3.17',
148 silly addNameRange     '0.4.0',
148 silly addNameRange     '0.4.1',
148 silly addNameRange     '0.4.2',
148 silly addNameRange     '0.4.3',
148 silly addNameRange     '0.4.4',
148 silly addNameRange     '0.4.5',
148 silly addNameRange     '1.0.0-rc1',
148 silly addNameRange     '1.0.0',
148 silly addNameRange     '1.0.1',
148 silly addNameRange     '0.3.13-a',
148 silly addNameRange     '0.4.0-a',
148 silly addNameRange     '0.4.0-rc1',
148 silly addNameRange     '0.4.0-rc2',
148 silly addNameRange     '0.4.0-rc3',
148 silly addNameRange     '0.4.0-rc4',
148 silly addNameRange     '0.4.0-rc5',
148 silly addNameRange     '0.4.0-rc6',
148 silly addNameRange     '0.4.0-rc7',
148 silly addNameRange     '0.4.0-rc8',
148 silly addNameRange     '1.0.2' ] ]
149 silly addNamed grunt@1.0.2
150 verbose addNamed "1.0.2" is a plain semver version for grunt
151 silly resolveWithNewModule grunt-contrib-jshint@1.1.0 checking installable status
152 silly cache add args [ 'grunt-contrib-jshint@>=0.10.0', null ]
153 verbose cache add spec grunt-contrib-jshint@>=0.10.0
154 silly cache add parsed spec Result {
154 silly cache add   raw: 'grunt-contrib-jshint@>=0.10.0',
154 silly cache add   scope: null,
154 silly cache add   name: 'grunt-contrib-jshint',
154 silly cache add   rawSpec: '>=0.10.0',
154 silly cache add   spec: '>=0.10.0',
154 silly cache add   type: 'range' }
155 silly addNamed grunt-contrib-jshint@>=0.10.0
156 verbose addNamed ">=0.10.0" is a valid semver range for grunt-contrib-jshint
157 silly addNameRange { name: 'grunt-contrib-jshint',
157 silly addNameRange   range: '>=0.10.0',
157 silly addNameRange   hasData: false }
158 silly mapToRegistry name grunt-contrib-jshint
159 silly mapToRegistry using default registry
160 silly mapToRegistry registry https://registry.npmjs.org/
161 silly mapToRegistry uri https://registry.npmjs.org/grunt-contrib-jshint
162 verbose addNameRange registry:https://registry.npmjs.org/grunt-contrib-jshint not in flight; fetching
163 http 200 https://registry.npmjs.org/grunt-contrib-uglify
164 verbose headers { 'content-type': 'application/json; charset=UTF-8',
164 verbose headers   server: 'UploadServer',
164 verbose headers   'cache-control': 'max-age=300',
164 verbose headers   'last-modified': 'Mon, 25 Dec 2017 3:37:33 GMT',
164 verbose headers   etag: '"5a40727d-19e49"',
164 verbose headers   'x-npm-region': 'EU-East',
164 verbose headers   'content-encoding': 'gzip',
164 verbose headers   'content-length': '14045',
164 verbose headers   'accept-ranges': 'bytes',
164 verbose headers   date: 'Fri, 27 Apr 2018 13:34:06 GMT',
164 verbose headers   via: '1.1 varnish',
164 verbose headers   age: '2052',
164 verbose headers   connection: 'keep-alive',
164 verbose headers   'x-served-by': 'cache-hhn1534-HHN',
164 verbose headers   'x-cache': 'HIT',
164 verbose headers   'x-cache-hits': '8',
164 verbose headers   'x-timer': 'S1524836046.316259,VS0,VE0',
164 verbose headers   vary: 'Accept-Encoding, Accept' }
165 silly get cb [ 200,
165 silly get   { 'content-type': 'application/json; charset=UTF-8',
165 silly get     server: 'UploadServer',
165 silly get     'cache-control': 'max-age=300',
165 silly get     'last-modified': 'Mon, 25 Dec 2017 3:37:33 GMT',
165 silly get     etag: '"5a40727d-19e49"',
165 silly get     'x-npm-region': 'EU-East',
165 silly get     'content-encoding': 'gzip',
165 silly get     'content-length': '14045',
165 silly get     'accept-ranges': 'bytes',
165 silly get     date: 'Fri, 27 Apr 2018 13:34:06 GMT',
165 silly get     via: '1.1 varnish',
165 silly get     age: '2052',
165 silly get     connection: 'keep-alive',
165 silly get     'x-served-by': 'cache-hhn1534-HHN',
165 silly get     'x-cache': 'HIT',
165 silly get     'x-cache-hits': '8',
165 silly get     'x-timer': 'S1524836046.316259,VS0,VE0',
165 silly get     vary: 'Accept-Encoding, Accept' } ]
166 verbose get saving grunt-contrib-uglify to /home/vasek/.npm/registry.npmjs.org/grunt-contrib-uglify/.cache.json
167 verbose get https://registry.npmjs.org/grunt-contrib-concat not expired, no request
168 silly addNameRange number 2 { name: 'grunt-contrib-concat', range: '>=0.1.3', hasData: true }
169 silly addNameRange versions [ 'grunt-contrib-concat',
169 silly addNameRange   [ '0.1.0',
169 silly addNameRange     '0.1.1',
169 silly addNameRange     '0.1.2',
169 silly addNameRange     '0.1.3',
169 silly addNameRange     '0.2.0',
169 silly addNameRange     '0.3.0',
169 silly addNameRange     '0.4.0',
169 silly addNameRange     '0.5.0',
169 silly addNameRange     '0.5.1',
169 silly addNameRange     '1.0.0',
169 silly addNameRange     '1.0.1',
169 silly addNameRange     '0.1.2-rc5',
169 silly addNameRange     '0.1.2-rc6' ] ]
170 silly addNamed grunt-contrib-concat@1.0.1
171 verbose addNamed "1.0.1" is a plain semver version for grunt-contrib-concat
172 http 200 https://registry.npmjs.org/grunt-contrib-watch
173 verbose headers { 'content-type': 'application/json; charset=UTF-8',
173 verbose headers   server: 'UploadServer',
173 verbose headers   'cache-control': 'max-age=300',
173 verbose headers   'last-modified': 'Fri, 20 Apr 2018 22:27:23 GMT',
173 verbose headers   etag: '"5ada694b-10ac5"',
173 verbose headers   'x-npm-region': 'EU-East',
173 verbose headers   'content-encoding': 'gzip',
173 verbose headers   'content-length': '13699',
173 verbose headers   'accept-ranges': 'bytes',
173 verbose headers   date: 'Fri, 27 Apr 2018 13:34:06 GMT',
173 verbose headers   via: '1.1 varnish',
173 verbose headers   age: '8325',
173 verbose headers   connection: 'keep-alive',
173 verbose headers   'x-served-by': 'cache-hhn1543-HHN',
173 verbose headers   'x-cache': 'HIT',
173 verbose headers   'x-cache-hits': '33',
173 verbose headers   'x-timer': 'S1524836046.326284,VS0,VE0',
173 verbose headers   vary: 'Accept-Encoding, Accept' }
174 silly get cb [ 200,
174 silly get   { 'content-type': 'application/json; charset=UTF-8',
174 silly get     server: 'UploadServer',
174 silly get     'cache-control': 'max-age=300',
174 silly get     'last-modified': 'Fri, 20 Apr 2018 22:27:23 GMT',
174 silly get     etag: '"5ada694b-10ac5"',
174 silly get     'x-npm-region': 'EU-East',
174 silly get     'content-encoding': 'gzip',
174 silly get     'content-length': '13699',
174 silly get     'accept-ranges': 'bytes',
174 silly get     date: 'Fri, 27 Apr 2018 13:34:06 GMT',
174 silly get     via: '1.1 varnish',
174 silly get     age: '8325',
174 silly get     connection: 'keep-alive',
174 silly get     'x-served-by': 'cache-hhn1543-HHN',
174 silly get     'x-cache': 'HIT',
174 silly get     'x-cache-hits': '33',
174 silly get     'x-timer': 'S1524836046.326284,VS0,VE0',
174 silly get     vary: 'Accept-Encoding, Accept' } ]
175 verbose get saving grunt-contrib-watch to /home/vasek/.npm/registry.npmjs.org/grunt-contrib-watch/.cache.json
176 silly mapToRegistry name grunt-contrib-concat
177 silly mapToRegistry using default registry
178 silly mapToRegistry registry https://registry.npmjs.org/
179 silly mapToRegistry uri https://registry.npmjs.org/grunt-contrib-concat
180 verbose addRemoteTarball https://registry.npmjs.org/grunt-contrib-concat/-/grunt-contrib-concat-1.0.1.tgz not in flight; adding
181 verbose addRemoteTarball [ 'https://registry.npmjs.org/grunt-contrib-concat/-/grunt-contrib-concat-1.0.1.tgz',
181 verbose addRemoteTarball   '61509863084e871d7e86de48c015259ed97745bd' ]
182 verbose get https://registry.npmjs.org/grunt-contrib-cssmin not expired, no request
183 silly addNameRange number 2 { name: 'grunt-contrib-cssmin', range: '>=0.5.0', hasData: true }
184 silly addNameRange versions [ 'grunt-contrib-cssmin',
184 silly addNameRange   [ '0.4.0',
184 silly addNameRange     '0.4.1',
184 silly addNameRange     '0.4.2',
184 silly addNameRange     '0.5.0',
184 silly addNameRange     '0.6.0',
184 silly addNameRange     '0.6.1',
184 silly addNameRange     '0.6.2',
184 silly addNameRange     '0.7.0',
184 silly addNameRange     '0.8.0',
184 silly addNameRange     '0.9.0',
184 silly addNameRange     '0.10.0',
184 silly addNameRange     '0.11.0',
184 silly addNameRange     '0.12.0',
184 silly addNameRange     '0.12.1',
184 silly addNameRange     '0.12.2',
184 silly addNameRange     '0.12.3',
184 silly addNameRange     '0.13.0',
184 silly addNameRange     '0.14.0',
184 silly addNameRange     '1.0.0',
184 silly addNameRange     '1.0.1',
184 silly addNameRange     '1.0.2',
184 silly addNameRange     '2.0.0',
184 silly addNameRange     '2.1.0',
184 silly addNameRange     '2.2.0',
184 silly addNameRange     '2.2.1' ] ]
185 silly addNamed grunt-contrib-cssmin@2.2.1
186 verbose addNamed "2.2.1" is a plain semver version for grunt-contrib-cssmin
187 silly mapToRegistry name grunt-contrib-cssmin
188 silly mapToRegistry using default registry
189 silly mapToRegistry registry https://registry.npmjs.org/
190 silly mapToRegistry uri https://registry.npmjs.org/grunt-contrib-cssmin
191 verbose addRemoteTarball https://registry.npmjs.org/grunt-contrib-cssmin/-/grunt-contrib-cssmin-2.2.1.tgz not in flight; adding
192 verbose addRemoteTarball [ 'https://registry.npmjs.org/grunt-contrib-cssmin/-/grunt-contrib-cssmin-2.2.1.tgz',
192 verbose addRemoteTarball   '64cbebe60134bc1270ca4154514ec4007cc16f7f' ]
193 verbose get https://registry.npmjs.org/grunt-contrib-jshint not expired, no request
194 silly addNameRange number 2 { name: 'grunt-contrib-jshint',
194 silly addNameRange   range: '>=0.10.0',
194 silly addNameRange   hasData: true }
195 silly addNameRange versions [ 'grunt-contrib-jshint',
195 silly addNameRange   [ '0.1.0',
195 silly addNameRange     '0.1.1',
195 silly addNameRange     '0.2.0',
195 silly addNameRange     '0.3.0',
195 silly addNameRange     '0.4.0',
195 silly addNameRange     '0.4.1',
195 silly addNameRange     '0.4.2',
195 silly addNameRange     '0.4.3',
195 silly addNameRange     '0.5.0',
195 silly addNameRange     '0.5.1',
195 silly addNameRange     '0.5.2',
195 silly addNameRange     '0.5.3',
195 silly addNameRange     '0.5.4',
195 silly addNameRange     '0.6.0',
195 silly addNameRange     '0.6.1',
195 silly addNameRange     '0.6.2',
195 silly addNameRange     '0.6.3',
195 silly addNameRange     '0.6.4',
195 silly addNameRange     '0.6.5',
195 silly addNameRange     '0.7.0',
195 silly addNameRange     '0.7.1',
195 silly addNameRange     '0.7.2',
195 silly addNameRange     '0.8.0',
195 silly addNameRange     '0.9.0',
195 silly addNameRange     '0.9.1',
195 silly addNameRange     '0.9.2',
195 silly addNameRange     '0.10.0',
195 silly addNameRange     '0.11.0',
195 silly addNameRange     '0.11.1',
195 silly addNameRange     '0.11.2',
195 silly addNameRange     '0.11.3',
195 silly addNameRange     '0.12.0',
195 silly addNameRange     '1.0.0',
195 silly addNameRange     '1.1.0',
195 silly addNameRange     '0.1.1-rc5',
195 silly addNameRange     '0.1.1-rc6' ] ]
196 silly addNamed grunt-contrib-jshint@1.1.0
197 verbose addNamed "1.1.0" is a plain semver version for grunt-contrib-jshint
198 silly cache afterAdd grunt@1.0.2
199 verbose afterAdd /home/vasek/.npm/grunt/1.0.2/package/package.json not in flight; writing
200 silly mapToRegistry name grunt-contrib-jshint
201 silly mapToRegistry using default registry
202 silly mapToRegistry registry https://registry.npmjs.org/
203 silly mapToRegistry uri https://registry.npmjs.org/grunt-contrib-jshint
204 verbose addRemoteTarball https://registry.npmjs.org/grunt-contrib-jshint/-/grunt-contrib-jshint-1.1.0.tgz not in flight; adding
205 verbose addRemoteTarball [ 'https://registry.npmjs.org/grunt-contrib-jshint/-/grunt-contrib-jshint-1.1.0.tgz',
205 verbose addRemoteTarball   '369d909b2593c40e8be79940b21340850c7939ac' ]
206 info retry fetch attempt 1 at 16:31:02
207 info attempt registry request try #1 at 16:31:02
208 http fetch GET https://registry.npmjs.org/grunt-contrib-jshint/-/grunt-contrib-jshint-1.1.0.tgz
209 info retry fetch attempt 1 at 16:31:02
210 info attempt registry request try #1 at 16:31:02
211 http fetch GET https://registry.npmjs.org/grunt-contrib-cssmin/-/grunt-contrib-cssmin-2.2.1.tgz
212 verbose afterAdd /home/vasek/.npm/grunt/1.0.2/package/package.json written
213 info retry fetch attempt 1 at 16:31:02
214 info attempt registry request try #1 at 16:31:02
215 http fetch GET https://registry.npmjs.org/grunt-contrib-concat/-/grunt-contrib-concat-1.0.1.tgz
216 silly resolveWithNewModule grunt-contrib-uglify@3.3.0 checking installable status
217 silly cache add args [ 'grunt-contrib-uglify@>=0.2.0', null ]
218 verbose cache add spec grunt-contrib-uglify@>=0.2.0
219 silly cache add parsed spec Result {
219 silly cache add   raw: 'grunt-contrib-uglify@>=0.2.0',
219 silly cache add   scope: null,
219 silly cache add   name: 'grunt-contrib-uglify',
219 silly cache add   rawSpec: '>=0.2.0',
219 silly cache add   spec: '>=0.2.0',
219 silly cache add   type: 'range' }
220 silly addNamed grunt-contrib-uglify@>=0.2.0
221 verbose addNamed ">=0.2.0" is a valid semver range for grunt-contrib-uglify
222 silly addNameRange { name: 'grunt-contrib-uglify',
222 silly addNameRange   range: '>=0.2.0',
222 silly addNameRange   hasData: false }
223 silly mapToRegistry name grunt-contrib-uglify
224 silly mapToRegistry using default registry
225 silly mapToRegistry registry https://registry.npmjs.org/
226 silly mapToRegistry uri https://registry.npmjs.org/grunt-contrib-uglify
227 verbose addNameRange registry:https://registry.npmjs.org/grunt-contrib-uglify not in flight; fetching
228 silly resolveWithNewModule grunt-contrib-watch@1.0.1 checking installable status
229 silly cache add args [ 'grunt-contrib-watch@*', null ]
230 verbose cache add spec grunt-contrib-watch@*
231 silly cache add parsed spec Result {
231 silly cache add   raw: 'grunt-contrib-watch@*',
231 silly cache add   scope: null,
231 silly cache add   name: 'grunt-contrib-watch',
231 silly cache add   rawSpec: '*',
231 silly cache add   spec: '*',
231 silly cache add   type: 'range' }
232 silly addNamed grunt-contrib-watch@*
233 verbose addNamed "*" is a valid semver range for grunt-contrib-watch
234 silly addNameRange { name: 'grunt-contrib-watch', range: '*', hasData: false }
235 silly mapToRegistry name grunt-contrib-watch
236 silly mapToRegistry using default registry
237 silly mapToRegistry registry https://registry.npmjs.org/
238 silly mapToRegistry uri https://registry.npmjs.org/grunt-contrib-watch
239 verbose addNameRange registry:https://registry.npmjs.org/grunt-contrib-watch not in flight; fetching
240 verbose get https://registry.npmjs.org/grunt-contrib-uglify not expired, no request
241 silly addNameRange number 2 { name: 'grunt-contrib-uglify', range: '>=0.2.0', hasData: true }
242 silly addNameRange versions [ 'grunt-contrib-uglify',
242 silly addNameRange   [ '0.1.0',
242 silly addNameRange     '0.1.1',
242 silly addNameRange     '0.1.2',
242 silly addNameRange     '0.2.0',
242 silly addNameRange     '0.2.1',
242 silly addNameRange     '0.2.2',
242 silly addNameRange     '0.2.3',
242 silly addNameRange     '0.2.4',
242 silly addNameRange     '0.2.5',
242 silly addNameRange     '0.2.6',
242 silly addNameRange     '0.2.7',
242 silly addNameRange     '0.3.0',
242 silly addNameRange     '0.3.1',
242 silly addNameRange     '0.1.1-rc5',
242 silly addNameRange     '0.1.1-rc6',
242 silly addNameRange     '0.3.2',
242 silly addNameRange     '0.3.3',
242 silly addNameRange     '0.4.0',
242 silly addNameRange     '0.5.0',
242 silly addNameRange     '0.4.1',
242 silly addNameRange     '0.5.1',
242 silly addNameRange     '0.6.0',
242 silly addNameRange     '0.7.0',
242 silly addNameRange     '0.8.0',
242 silly addNameRange     '0.8.1',
242 silly addNameRange     '0.9.0',
242 silly addNameRange     '0.9.1',
242 silly addNameRange     '0.9.2',
242 silly addNameRange     '0.10.0',
242 silly addNameRange     '0.10.1',
242 silly addNameRange     '0.11.0',
242 silly addNameRange     '0.11.1',
242 silly addNameRange     '1.0.0',
242 silly addNameRange     '1.0.1',
242 silly addNameRange     '1.0.2',
242 silly addNameRange     '2.0.0',
242 silly addNameRange     '2.1.0',
242 silly addNameRange     '2.2.0',
242 silly addNameRange     '2.2.1',
242 silly addNameRange     '2.3.0',
242 silly addNameRange     '3.0.0',
242 silly addNameRange     '3.0.1',
242 silly addNameRange     '3.1.0',
242 silly addNameRange     '3.2.1',
242 silly addNameRange     '3.3.0' ] ]
243 silly addNamed grunt-contrib-uglify@3.3.0
244 verbose addNamed "3.3.0" is a plain semver version for grunt-contrib-uglify
245 silly mapToRegistry name grunt-contrib-uglify
246 silly mapToRegistry using default registry
247 silly mapToRegistry registry https://registry.npmjs.org/
248 silly mapToRegistry uri https://registry.npmjs.org/grunt-contrib-uglify
249 verbose addRemoteTarball https://registry.npmjs.org/grunt-contrib-uglify/-/grunt-contrib-uglify-3.3.0.tgz not in flight; adding
250 verbose addRemoteTarball [ 'https://registry.npmjs.org/grunt-contrib-uglify/-/grunt-contrib-uglify-3.3.0.tgz',
250 verbose addRemoteTarball   'dcc29bee1dd4768698930e46fb8bff8e8d37fb08' ]
251 verbose get https://registry.npmjs.org/grunt-contrib-watch not expired, no request
252 silly addNameRange number 2 { name: 'grunt-contrib-watch', range: '*', hasData: true }
253 silly addNameRange versions [ 'grunt-contrib-watch',
253 silly addNameRange   [ '0.1.0',
253 silly addNameRange     '0.1.1',
253 silly addNameRange     '0.1.2',
253 silly addNameRange     '0.1.3',
253 silly addNameRange     '0.1.4',
253 silly addNameRange     '0.2.0',
253 silly addNameRange     '0.3.0',
253 silly addNameRange     '0.3.1',
253 silly addNameRange     '0.4.0',
253 silly addNameRange     '0.4.1',
253 silly addNameRange     '0.4.2',
253 silly addNameRange     '0.4.3',
253 silly addNameRange     '0.4.4',
253 silly addNameRange     '0.5.0',
253 silly addNameRange     '0.5.1',
253 silly addNameRange     '0.5.2',
253 silly addNameRange     '0.5.3',
253 silly addNameRange     '0.6.0',
253 silly addNameRange     '0.6.1',
253 silly addNameRange     '1.0.0',
253 silly addNameRange     '0.2.0-a',
253 silly addNameRange     '0.2.0-rc5',
253 silly addNameRange     '0.2.0-rc7',
253 silly addNameRange     '1.0.1' ] ]
254 silly addNamed grunt-contrib-watch@1.0.1
255 verbose addNamed "1.0.1" is a plain semver version for grunt-contrib-watch
256 silly mapToRegistry name grunt-contrib-watch
257 silly mapToRegistry using default registry
258 silly mapToRegistry registry https://registry.npmjs.org/
259 silly mapToRegistry uri https://registry.npmjs.org/grunt-contrib-watch
260 verbose addRemoteTarball https://registry.npmjs.org/grunt-contrib-watch/-/grunt-contrib-watch-1.0.1.tgz not in flight; adding
261 verbose addRemoteTarball [ 'https://registry.npmjs.org/grunt-contrib-watch/-/grunt-contrib-watch-1.0.1.tgz',
261 verbose addRemoteTarball   'ca65934b6e04dbd26da684d598f79ee22f47fdac' ]
262 info retry fetch attempt 1 at 16:31:02
263 info attempt registry request try #1 at 16:31:02
264 http fetch GET https://registry.npmjs.org/grunt-contrib-uglify/-/grunt-contrib-uglify-3.3.0.tgz
265 info retry fetch attempt 1 at 16:31:02
266 info attempt registry request try #1 at 16:31:02
267 http fetch GET https://registry.npmjs.org/grunt-contrib-watch/-/grunt-contrib-watch-1.0.1.tgz
268 http fetch 200 https://registry.npmjs.org/grunt-contrib-jshint/-/grunt-contrib-jshint-1.1.0.tgz
269 http fetch 200 https://registry.npmjs.org/grunt-contrib-cssmin/-/grunt-contrib-cssmin-2.2.1.tgz
270 http fetch 200 https://registry.npmjs.org/grunt-contrib-concat/-/grunt-contrib-concat-1.0.1.tgz
271 silly fetchAndShaCheck shasum 64cbebe60134bc1270ca4154514ec4007cc16f7f
272 silly fetchAndShaCheck shasum 369d909b2593c40e8be79940b21340850c7939ac
273 silly fetchAndShaCheck shasum 61509863084e871d7e86de48c015259ed97745bd
274 verbose addTmpTarball /tmp/npm-10380-84990500/registry.npmjs.org/grunt-contrib-cssmin/-/grunt-contrib-cssmin-2.2.1.tgz not in flight; adding
275 verbose addTmpTarball already have metadata; skipping unpack for grunt-contrib-cssmin@2.2.1
276 verbose addTmpTarball /tmp/npm-10380-84990500/registry.npmjs.org/grunt-contrib-jshint/-/grunt-contrib-jshint-1.1.0.tgz not in flight; adding
277 verbose addTmpTarball already have metadata; skipping unpack for grunt-contrib-jshint@1.1.0
278 verbose addTmpTarball /tmp/npm-10380-84990500/registry.npmjs.org/grunt-contrib-concat/-/grunt-contrib-concat-1.0.1.tgz not in flight; adding
279 verbose addTmpTarball already have metadata; skipping unpack for grunt-contrib-concat@1.0.1
280 silly cache afterAdd grunt-contrib-cssmin@2.2.1
281 verbose afterAdd /home/vasek/.npm/grunt-contrib-cssmin/2.2.1/package/package.json not in flight; writing
282 silly cache afterAdd grunt-contrib-jshint@1.1.0
283 verbose afterAdd /home/vasek/.npm/grunt-contrib-jshint/1.1.0/package/package.json not in flight; writing
284 silly cache afterAdd grunt-contrib-concat@1.0.1
285 verbose afterAdd /home/vasek/.npm/grunt-contrib-concat/1.0.1/package/package.json not in flight; writing
286 verbose afterAdd /home/vasek/.npm/grunt-contrib-cssmin/2.2.1/package/package.json written
287 verbose afterAdd /home/vasek/.npm/grunt-contrib-jshint/1.1.0/package/package.json written
288 http fetch 200 https://registry.npmjs.org/grunt-contrib-uglify/-/grunt-contrib-uglify-3.3.0.tgz
289 verbose afterAdd /home/vasek/.npm/grunt-contrib-concat/1.0.1/package/package.json written
290 http fetch 200 https://registry.npmjs.org/grunt-contrib-watch/-/grunt-contrib-watch-1.0.1.tgz
291 silly fetchAndShaCheck shasum dcc29bee1dd4768698930e46fb8bff8e8d37fb08
292 verbose addTmpTarball /tmp/npm-10380-84990500/registry.npmjs.org/grunt-contrib-uglify/-/grunt-contrib-uglify-3.3.0.tgz not in flight; adding
293 verbose addTmpTarball already have metadata; skipping unpack for grunt-contrib-uglify@3.3.0
294 silly cache afterAdd grunt-contrib-uglify@3.3.0
295 verbose afterAdd /home/vasek/.npm/grunt-contrib-uglify/3.3.0/package/package.json not in flight; writing
296 verbose afterAdd /home/vasek/.npm/grunt-contrib-uglify/3.3.0/package/package.json written
297 silly fetchAndShaCheck shasum ca65934b6e04dbd26da684d598f79ee22f47fdac
298 verbose addTmpTarball /tmp/npm-10380-84990500/registry.npmjs.org/grunt-contrib-watch/-/grunt-contrib-watch-1.0.1.tgz not in flight; adding
299 verbose addTmpTarball already have metadata; skipping unpack for grunt-contrib-watch@1.0.1
300 silly cache afterAdd grunt-contrib-watch@1.0.1
301 verbose afterAdd /home/vasek/.npm/grunt-contrib-watch/1.0.1/package/package.json not in flight; writing
302 verbose afterAdd /home/vasek/.npm/grunt-contrib-watch/1.0.1/package/package.json written
303 silly rollbackFailedOptional Starting
304 silly rollbackFailedOptional Finishing
305 silly runTopLevelLifecycles Starting
306 silly runTopLevelLifecycles Finishing
307 silly install printInstalled
308 verbose stack Error: No compatible version found: grunt-cli@1.2.1
308 verbose stack Valid install targets:
308 verbose stack ["1.2.0","1.1.0","1.0.1","1.0.0","1.0.0-rc1","0.1.13","0.1.12","0.1.11","0.1.10","0.1.9","0.1.8","0.1.7","0.1.6","0.1.5","0.1.4","0.1.3","0.1.2","0.1.1","0.1.0"]
308 verbose stack
308 verbose stack     at pickVersionFromRegistryDocument (/home/vasek/.nvm/versions/node/v5.0.0/lib/node_modules/npm/lib/fetch-package-metadata.js:146:16)
308 verbose stack     at /home/vasek/.nvm/versions/node/v5.0.0/lib/node_modules/npm/node_modules/iferr/index.js:13:50
308 verbose stack     at /home/vasek/.nvm/versions/node/v5.0.0/lib/node_modules/npm/lib/utils/pulse-till-done.js:19:8
308 verbose stack     at saved (/home/vasek/.nvm/versions/node/v5.0.0/lib/node_modules/npm/lib/cache/caching-client.js:168:7)
308 verbose stack     at /home/vasek/.nvm/versions/node/v5.0.0/lib/node_modules/npm/node_modules/graceful-fs/polyfills.js:210:7
308 verbose stack     at FSReqWrap.oncomplete (fs.js:82:15)
309 verbose cwd /var/www/test-task-nodejs
310 error Linux 3.16.0-4-amd64
311 error argv "/home/vasek/.nvm/versions/node/v5.0.0/bin/node" "/home/vasek/.nvm/versions/node/v5.0.0/bin/npm" "install"
312 error node v5.0.0
313 error npm  v3.3.6
314 error No compatible version found: grunt-cli@1.2.1
314 error Valid install targets:
314 error ["1.2.0","1.1.0","1.0.1","1.0.0","1.0.0-rc1","0.1.13","0.1.12","0.1.11","0.1.10","0.1.9","0.1.8","0.1.7","0.1.6","0.1.5","0.1.4","0.1.3","0.1.2","0.1.1","0.1.0"]
315 error If you need help, you may report this error at:
315 error     <https://github.com/npm/npm/issues>
316 verbose exit [ 1, true ]
